Grammar

    0 $accept: start "<EOF>"

    1 start: term

    2 term: term "^" term
    3     | term "?" term
    4     | term "&" term
    5     | term "+" term
    6     | term "-" term
    7     | term "*" term
    8     | term "/" term
    9     | term "\\" term
   10     | term "**" term
   11     | "-" term
   12     | "~" term
   13     | "(" ")"
   14     | "(" "," ")"
   15     | "(" nterms ")"
   16     | "(" nterms "," ")"
   17     | "<IDENTIFIER>" "(" terms ")"
   18     | "|" term "|"
   19     | "<IDENTIFIER>"
   20     | "<NUMBER>"
   21     | "<STRING>"
   22     | "#inf"
   23     | "#sup"

   24 nterms: term
   25       | nterms "," term

   26 terms: nterms
   27      | %empty


Terminals, with rules where they appear

"<EOF>" (0) 0
error (256)
"+" (258) 5
"&" (259) 4
"~" (260) 12
"," (261) 14 16 25
"(" (262) 13 14 15 16 17
"\\" (263) 9
"*" (264) 7
"**" (265) 10
"?" (266) 3
")" (267) 13 14 15 16 17
"/" (268) 8
"-" (269) 6 11
"^" (270) 2
"|" (271) 18
"#sup" (272) 23
"#inf" (273) 22
"<NUMBER>" (274) 20
"<IDENTIFIER>" (275) 17 19
"<STRING>" (276) 21
UMINUS (277)
UBNOT (278)


Nonterminals, with rules where they appear

$accept (24)
    on left: 0
start (25)
    on left: 1, on right: 0
term (26)
    on left: 2 3 4 5 6 7 8 9 10 11 12 13 14 15 16 17 18 19 20 21 22
    23, on right: 1 2 3 4 5 6 7 8 9 10 11 12 18 24 25
nterms (27)
    on left: 24 25, on right: 15 16 25 26
terms (28)
    on left: 26 27, on right: 17


State 0

    0 $accept: . start "<EOF>"
    1 start: . term
    2 term: . term "^" term
    3     | . term "?" term
    4     | . term "&" term
    5     | . term "+" term
    6     | . term "-" term
    7     | . term "*" term
    8     | . term "/" term
    9     | . term "\\" term
   10     | . term "**" term
   11     | . "-" term
   12     | . "~" term
   13     | . "(" ")"
   14     | . "(" "," ")"
   15     | . "(" nterms ")"
   16     | . "(" nterms "," ")"
   17     | . "<IDENTIFIER>" "(" terms ")"
   18     | . "|" term "|"
   19     | . "<IDENTIFIER>"
   20     | . "<NUMBER>"
   21     | . "<STRING>"
   22     | . "#inf"
   23     | . "#sup"

    "~"             shift, and go to state 1
    "("             shift, and go to state 2
    "-"             shift, and go to state 3
    "|"             shift, and go to state 4
    "#sup"          shift, and go to state 5
    "#inf"          shift, and go to state 6
    "<NUMBER>"      shift, and go to state 7
    "<IDENTIFIER>"  shift, and go to state 8
    "<STRING>"      shift, and go to state 9

    start  go to state 10
    term   go to state 11


State 1

    2 term: . term "^" term
    3     | . term "?" term
    4     | . term "&" term
    5     | . term "+" term
    6     | . term "-" term
    7     | . term "*" term
    8     | . term "/" term
    9     | . term "\\" term
   10     | . term "**" term
   11     | . "-" term
   12     | . "~" term
   12     | "~" . term
   13     | . "(" ")"
   14     | . "(" "," ")"
   15     | . "(" nterms ")"
   16     | . "(" nterms "," ")"
   17     | . "<IDENTIFIER>" "(" terms ")"
   18     | . "|" term "|"
   19     | . "<IDENTIFIER>"
   20     | . "<NUMBER>"
   21     | . "<STRING>"
   22     | . "#inf"
   23     | . "#sup"

    "~"             shift, and go to state 1
    "("             shift, and go to state 2
    "-"             shift, and go to state 3
    "|"             shift, and go to state 4
    "#sup"          shift, and go to state 5
    "#inf"          shift, and go to state 6
    "<NUMBER>"      shift, and go to state 7
    "<IDENTIFIER>"  shift, and go to state 8
    "<STRING>"      shift, and go to state 9

    term  go to state 12


State 2

    2 term: . term "^" term
    3     | . term "?" term
    4     | . term "&" term
    5     | . term "+" term
    6     | . term "-" term
    7     | . term "*" term
    8     | . term "/" term
    9     | . term "\\" term
   10     | . term "**" term
   11     | . "-" term
   12     | . "~" term
   13     | . "(" ")"
   13     | "(" . ")"
   14     | . "(" "," ")"
   14     | "(" . "," ")"
   15     | . "(" nterms ")"
   15     | "(" . nterms ")"
   16     | . "(" nterms "," ")"
   16     | "(" . nterms "," ")"
   17     | . "<IDENTIFIER>" "(" terms ")"
   18     | . "|" term "|"
   19     | . "<IDENTIFIER>"
   20     | . "<NUMBER>"
   21     | . "<STRING>"
   22     | . "#inf"
   23     | . "#sup"
   24 nterms: . term
   25       | . nterms "," term

    "~"             shift, and go to state 1
    ","             shift, and go to state 13
    "("             shift, and go to state 2
    ")"             shift, and go to state 14
    "-"             shift, and go to state 3
    "|"             shift, and go to state 4
    "#sup"          shift, and go to state 5
    "#inf"          shift, and go to state 6
    "<NUMBER>"      shift, and go to state 7
    "<IDENTIFIER>"  shift, and go to state 8
    "<STRING>"      shift, and go to state 9

    term    go to state 15
    nterms  go to state 16


State 3

    2 term: . term "^" term
    3     | . term "?" term
    4     | . term "&" term
    5     | . term "+" term
    6     | . term "-" term
    7     | . term "*" term
    8     | . term "/" term
    9     | . term "\\" term
   10     | . term "**" term
   11     | . "-" term
   11     | "-" . term
   12     | . "~" term
   13     | . "(" ")"
   14     | . "(" "," ")"
   15     | . "(" nterms ")"
   16     | . "(" nterms "," ")"
   17     | . "<IDENTIFIER>" "(" terms ")"
   18     | . "|" term "|"
   19     | . "<IDENTIFIER>"
   20     | . "<NUMBER>"
   21     | . "<STRING>"
   22     | . "#inf"
   23     | . "#sup"

    "~"             shift, and go to state 1
    "("             shift, and go to state 2
    "-"             shift, and go to state 3
    "|"             shift, and go to state 4
    "#sup"          shift, and go to state 5
    "#inf"          shift, and go to state 6
    "<NUMBER>"      shift, and go to state 7
    "<IDENTIFIER>"  shift, and go to state 8
    "<STRING>"      shift, and go to state 9

    term  go to state 17


State 4

    2 term: . term "^" term
    3     | . term "?" term
    4     | . term "&" term
    5     | . term "+" term
    6     | . term "-" term
    7     | . term "*" term
    8     | . term "/" term
    9     | . term "\\" term
   10     | . term "**" term
   11     | . "-" term
   12     | . "~" term
   13     | . "(" ")"
   14     | . "(" "," ")"
   15     | . "(" nterms ")"
   16     | . "(" nterms "," ")"
   17     | . "<IDENTIFIER>" "(" terms ")"
   18     | . "|" term "|"
   18     | "|" . term "|"
   19     | . "<IDENTIFIER>"
   20     | . "<NUMBER>"
   21     | . "<STRING>"
   22     | . "#inf"
   23     | . "#sup"

    "~"             shift, and go to state 1
    "("             shift, and go to state 2
    "-"             shift, and go to state 3
    "|"             shift, and go to state 4
    "#sup"          shift, and go to state 5
    "#inf"          shift, and go to state 6
    "<NUMBER>"      shift, and go to state 7
    "<IDENTIFIER>"  shift, and go to state 8
    "<STRING>"      shift, and go to state 9

    term  go to state 18


State 5

   23 term: "#sup" .

    $default  reduce using rule 23 (term)


State 6

   22 term: "#inf" .

    $default  reduce using rule 22 (term)


State 7

   20 term: "<NUMBER>" .

    $default  reduce using rule 20 (term)


State 8

   17 term: "<IDENTIFIER>" . "(" terms ")"
   19     | "<IDENTIFIER>" .  ["<EOF>", "+", "&", ",", "\\", "*", "**", "?", ")", "/", "-", "^", "|"]

    "("  shift, and go to state 19

    $default  reduce using rule 19 (term)


State 9

   21 term: "<STRING>" .

    $default  reduce using rule 21 (term)


State 10

    0 $accept: start . "<EOF>"

    "<EOF>"  shift, and go to state 20


State 11

    1 start: term .  ["<EOF>"]
    2 term: term . "^" term
    3     | term . "?" term
    4     | term . "&" term
    5     | term . "+" term
    6     | term . "-" term
    7     | term . "*" term
    8     | term . "/" term
    9     | term . "\\" term
   10     | term . "**" term

    "+"   shift, and go to state 21
    "&"   shift, and go to state 22
    "\\"  shift, and go to state 23
    "*"   shift, and go to state 24
    "**"  shift, and go to state 25
    "?"   shift, and go to state 26
    "/"   shift, and go to state 27
    "-"   shift, and go to state 28
    "^"   shift, and go to state 29

    $default  reduce using rule 1 (start)


State 12

    2 term: term . "^" term
    3     | term . "?" term
    4     | term . "&" term
    5     | term . "+" term
    6     | term . "-" term
    7     | term . "*" term
    8     | term . "/" term
    9     | term . "\\" term
   10     | term . "**" term
   12     | "~" term .  ["<EOF>", "+", "&", ",", "\\", "*", "**", "?", ")", "/", "-", "^", "|"]

    $default  reduce using rule 12 (term)

    Conflict between rule 12 and token "+" resolved as reduce ("+" < UBNOT).
    Conflict between rule 12 and token "&" resolved as reduce ("&" < UBNOT).
    Conflict between rule 12 and token "\\" resolved as reduce ("\\" < UBNOT).
    Conflict between rule 12 and token "*" resolved as reduce ("*" < UBNOT).
    Conflict between rule 12 and token "**" resolved as reduce ("**" < UBNOT).
    Conflict between rule 12 and token "?" resolved as reduce ("?" < UBNOT).
    Conflict between rule 12 and token "/" resolved as reduce ("/" < UBNOT).
    Conflict between rule 12 and token "-" resolved as reduce ("-" < UBNOT).
    Conflict between rule 12 and token "^" resolved as reduce ("^" < UBNOT).


State 13

   14 term: "(" "," . ")"

    ")"  shift, and go to state 30


State 14

   13 term: "(" ")" .

    $default  reduce using rule 13 (term)


State 15

    2 term: term . "^" term
    3     | term . "?" term
    4     | term . "&" term
    5     | term . "+" term
    6     | term . "-" term
    7     | term . "*" term
    8     | term . "/" term
    9     | term . "\\" term
   10     | term . "**" term
   24 nterms: term .  [",", ")"]

    "+"   shift, and go to state 21
    "&"   shift, and go to state 22
    "\\"  shift, and go to state 23
    "*"   shift, and go to state 24
    "**"  shift, and go to state 25
    "?"   shift, and go to state 26
    "/"   shift, and go to state 27
    "-"   shift, and go to state 28
    "^"   shift, and go to state 29

    $default  reduce using rule 24 (nterms)


State 16

   15 term: "(" nterms . ")"
   16     | "(" nterms . "," ")"
   25 nterms: nterms . "," term

    ","  shift, and go to state 31
    ")"  shift, and go to state 32


State 17

    2 term: term . "^" term
    3     | term . "?" term
    4     | term . "&" term
    5     | term . "+" term
    6     | term . "-" term
    7     | term . "*" term
    8     | term . "/" term
    9     | term . "\\" term
   10     | term . "**" term
   11     | "-" term .  ["<EOF>", "+", "&", ",", "\\", "*", "**", "?", ")", "/", "-", "^", "|"]

    $default  reduce using rule 11 (term)

    Conflict between rule 11 and token "+" resolved as reduce ("+" < UMINUS).
    Conflict between rule 11 and token "&" resolved as reduce ("&" < UMINUS).
    Conflict between rule 11 and token "\\" resolved as reduce ("\\" < UMINUS).
    Conflict between rule 11 and token "*" resolved as reduce ("*" < UMINUS).
    Conflict between rule 11 and token "**" resolved as reduce ("**" < UMINUS).
    Conflict between rule 11 and token "?" resolved as reduce ("?" < UMINUS).
    Conflict between rule 11 and token "/" resolved as reduce ("/" < UMINUS).
    Conflict between rule 11 and token "-" resolved as reduce ("-" < UMINUS).
    Conflict between rule 11 and token "^" resolved as reduce ("^" < UMINUS).


State 18

    2 term: term . "^" term
    3     | term . "?" term
    4     | term . "&" term
    5     | term . "+" term
    6     | term . "-" term
    7     | term . "*" term
    8     | term . "/" term
    9     | term . "\\" term
   10     | term . "**" term
   18     | "|" term . "|"

    "+"   shift, and go to state 21
    "&"   shift, and go to state 22
    "\\"  shift, and go to state 23
    "*"   shift, and go to state 24
    "**"  shift, and go to state 25
    "?"   shift, and go to state 26
    "/"   shift, and go to state 27
    "-"   shift, and go to state 28
    "^"   shift, and go to state 29
    "|"   shift, and go to state 33


State 19

    2 term: . term "^" term
    3     | . term "?" term
    4     | . term "&" term
    5     | . term "+" term
    6     | . term "-" term
    7     | . term "*" term
    8     | . term "/" term
    9     | . term "\\" term
   10     | . term "**" term
   11     | . "-" term
   12     | . "~" term
   13     | . "(" ")"
   14     | . "(" "," ")"
   15     | . "(" nterms ")"
   16     | . "(" nterms "," ")"
   17     | . "<IDENTIFIER>" "(" terms ")"
   17     | "<IDENTIFIER>" "(" . terms ")"
   18     | . "|" term "|"
   19     | . "<IDENTIFIER>"
   20     | . "<NUMBER>"
   21     | . "<STRING>"
   22     | . "#inf"
   23     | . "#sup"
   24 nterms: . term
   25       | . nterms "," term
   26 terms: . nterms
   27      | . %empty  [")"]

    "~"             shift, and go to state 1
    "("             shift, and go to state 2
    "-"             shift, and go to state 3
    "|"             shift, and go to state 4
    "#sup"          shift, and go to state 5
    "#inf"          shift, and go to state 6
    "<NUMBER>"      shift, and go to state 7
    "<IDENTIFIER>"  shift, and go to state 8
    "<STRING>"      shift, and go to state 9

    $default  reduce using rule 27 (terms)

    term    go to state 15
    nterms  go to state 34
    terms   go to state 35


State 20

    0 $accept: start "<EOF>" .

    $default  accept


State 21

    2 term: . term "^" term
    3     | . term "?" term
    4     | . term "&" term
    5     | . term "+" term
    5     | term "+" . term
    6     | . term "-" term
    7     | . term "*" term
    8     | . term "/" term
    9     | . term "\\" term
   10     | . term "**" term
   11     | . "-" term
   12     | . "~" term
   13     | . "(" ")"
   14     | . "(" "," ")"
   15     | . "(" nterms ")"
   16     | . "(" nterms "," ")"
   17     | . "<IDENTIFIER>" "(" terms ")"
   18     | . "|" term "|"
   19     | . "<IDENTIFIER>"
   20     | . "<NUMBER>"
   21     | . "<STRING>"
   22     | . "#inf"
   23     | . "#sup"

    "~"             shift, and go to state 1
    "("             shift, and go to state 2
    "-"             shift, and go to state 3
    "|"             shift, and go to state 4
    "#sup"          shift, and go to state 5
    "#inf"          shift, and go to state 6
    "<NUMBER>"      shift, and go to state 7
    "<IDENTIFIER>"  shift, and go to state 8
    "<STRING>"      shift, and go to state 9

    term  go to state 36


State 22

    2 term: . term "^" term
    3     | . term "?" term
    4     | . term "&" term
    4     | term "&" . term
    5     | . term "+" term
    6     | . term "-" term
    7     | . term "*" term
    8     | . term "/" term
    9     | . term "\\" term
   10     | . term "**" term
   11     | . "-" term
   12     | . "~" term
   13     | . "(" ")"
   14     | . "(" "," ")"
   15     | . "(" nterms ")"
   16     | . "(" nterms "," ")"
   17     | . "<IDENTIFIER>" "(" terms ")"
   18     | . "|" term "|"
   19     | . "<IDENTIFIER>"
   20     | . "<NUMBER>"
   21     | . "<STRING>"
   22     | . "#inf"
   23     | . "#sup"

    "~"             shift, and go to state 1
    "("             shift, and go to state 2
    "-"             shift, and go to state 3
    "|"             shift, and go to state 4
    "#sup"          shift, and go to state 5
    "#inf"          shift, and go to state 6
    "<NUMBER>"      shift, and go to state 7
    "<IDENTIFIER>"  shift, and go to state 8
    "<STRING>"      shift, and go to state 9

    term  go to state 37


State 23

    2 term: . term "^" term
    3     | . term "?" term
    4     | . term "&" term
    5     | . term "+" term
    6     | . term "-" term
    7     | . term "*" term
    8     | . term "/" term
    9     | . term "\\" term
    9     | term "\\" . term
   10     | . term "**" term
   11     | . "-" term
   12     | . "~" term
   13     | . "(" ")"
   14     | . "(" "," ")"
   15     | . "(" nterms ")"
   16     | . "(" nterms "," ")"
   17     | . "<IDENTIFIER>" "(" terms ")"
   18     | . "|" term "|"
   19     | . "<IDENTIFIER>"
   20     | . "<NUMBER>"
   21     | . "<STRING>"
   22     | . "#inf"
   23     | . "#sup"

    "~"             shift, and go to state 1
    "("             shift, and go to state 2
    "-"             shift, and go to state 3
    "|"             shift, and go to state 4
    "#sup"          shift, and go to state 5
    "#inf"          shift, and go to state 6
    "<NUMBER>"      shift, and go to state 7
    "<IDENTIFIER>"  shift, and go to state 8
    "<STRING>"      shift, and go to state 9

    term  go to state 38


State 24

    2 term: . term "^" term
    3     | . term "?" term
    4     | . term "&" term
    5     | . term "+" term
    6     | . term "-" term
    7     | . term "*" term
    7     | term "*" . term
    8     | . term "/" term
    9     | . term "\\" term
   10     | . term "**" term
   11     | . "-" term
   12     | . "~" term
   13     | . "(" ")"
   14     | . "(" "," ")"
   15     | . "(" nterms ")"
   16     | . "(" nterms "," ")"
   17     | . "<IDENTIFIER>" "(" terms ")"
   18     | . "|" term "|"
   19     | . "<IDENTIFIER>"
   20     | . "<NUMBER>"
   21     | . "<STRING>"
   22     | . "#inf"
   23     | . "#sup"

    "~"             shift, and go to state 1
    "("             shift, and go to state 2
    "-"             shift, and go to state 3
    "|"             shift, and go to state 4
    "#sup"          shift, and go to state 5
    "#inf"          shift, and go to state 6
    "<NUMBER>"      shift, and go to state 7
    "<IDENTIFIER>"  shift, and go to state 8
    "<STRING>"      shift, and go to state 9

    term  go to state 39


State 25

    2 term: . term "^" term
    3     | . term "?" term
    4     | . term "&" term
    5     | . term "+" term
    6     | . term "-" term
    7     | . term "*" term
    8     | . term "/" term
    9     | . term "\\" term
   10     | . term "**" term
   10     | term "**" . term
   11     | . "-" term
   12     | . "~" term
   13     | . "(" ")"
   14     | . "(" "," ")"
   15     | . "(" nterms ")"
   16     | . "(" nterms "," ")"
   17     | . "<IDENTIFIER>" "(" terms ")"
   18     | . "|" term "|"
   19     | . "<IDENTIFIER>"
   20     | . "<NUMBER>"
   21     | . "<STRING>"
   22     | . "#inf"
   23     | . "#sup"

    "~"             shift, and go to state 1
    "("             shift, and go to state 2
    "-"             shift, and go to state 3
    "|"             shift, and go to state 4
    "#sup"          shift, and go to state 5
    "#inf"          shift, and go to state 6
    "<NUMBER>"      shift, and go to state 7
    "<IDENTIFIER>"  shift, and go to state 8
    "<STRING>"      shift, and go to state 9

    term  go to state 40


State 26

    2 term: . term "^" term
    3     | . term "?" term
    3     | term "?" . term
    4     | . term "&" term
    5     | . term "+" term
    6     | . term "-" term
    7     | . term "*" term
    8     | . term "/" term
    9     | . term "\\" term
   10     | . term "**" term
   11     | . "-" term
   12     | . "~" term
   13     | . "(" ")"
   14     | . "(" "," ")"
   15     | . "(" nterms ")"
   16     | . "(" nterms "," ")"
   17     | . "<IDENTIFIER>" "(" terms ")"
   18     | . "|" term "|"
   19     | . "<IDENTIFIER>"
   20     | . "<NUMBER>"
   21     | . "<STRING>"
   22     | . "#inf"
   23     | . "#sup"

    "~"             shift, and go to state 1
    "("             shift, and go to state 2
    "-"             shift, and go to state 3
    "|"             shift, and go to state 4
    "#sup"          shift, and go to state 5
    "#inf"          shift, and go to state 6
    "<NUMBER>"      shift, and go to state 7
    "<IDENTIFIER>"  shift, and go to state 8
    "<STRING>"      shift, and go to state 9

    term  go to state 41


State 27

    2 term: . term "^" term
    3     | . term "?" term
    4     | . term "&" term
    5     | . term "+" term
    6     | . term "-" term
    7     | . term "*" term
    8     | . term "/" term
    8     | term "/" . term
    9     | . term "\\" term
   10     | . term "**" term
   11     | . "-" term
   12     | . "~" term
   13     | . "(" ")"
   14     | . "(" "," ")"
   15     | . "(" nterms ")"
   16     | . "(" nterms "," ")"
   17     | . "<IDENTIFIER>" "(" terms ")"
   18     | . "|" term "|"
   19     | . "<IDENTIFIER>"
   20     | . "<NUMBER>"
   21     | . "<STRING>"
   22     | . "#inf"
   23     | . "#sup"

    "~"             shift, and go to state 1
    "("             shift, and go to state 2
    "-"             shift, and go to state 3
    "|"             shift, and go to state 4
    "#sup"          shift, and go to state 5
    "#inf"          shift, and go to state 6
    "<NUMBER>"      shift, and go to state 7
    "<IDENTIFIER>"  shift, and go to state 8
    "<STRING>"      shift, and go to state 9

    term  go to state 42


State 28

    2 term: . term "^" term
    3     | . term "?" term
    4     | . term "&" term
    5     | . term "+" term
    6     | . term "-" term
    6     | term "-" . term
    7     | . term "*" term
    8     | . term "/" term
    9     | . term "\\" term
   10     | . term "**" term
   11     | . "-" term
   12     | . "~" term
   13     | . "(" ")"
   14     | . "(" "," ")"
   15     | . "(" nterms ")"
   16     | . "(" nterms "," ")"
   17     | . "<IDENTIFIER>" "(" terms ")"
   18     | . "|" term "|"
   19     | . "<IDENTIFIER>"
   20     | . "<NUMBER>"
   21     | . "<STRING>"
   22     | . "#inf"
   23     | . "#sup"

    "~"             shift, and go to state 1
    "("             shift, and go to state 2
    "-"             shift, and go to state 3
    "|"             shift, and go to state 4
    "#sup"          shift, and go to state 5
    "#inf"          shift, and go to state 6
    "<NUMBER>"      shift, and go to state 7
    "<IDENTIFIER>"  shift, and go to state 8
    "<STRING>"      shift, and go to state 9

    term  go to state 43


State 29

    2 term: . term "^" term
    2     | term "^" . term
    3     | . term "?" term
    4     | . term "&" term
    5     | . term "+" term
    6     | . term "-" term
    7     | . term "*" term
    8     | . term "/" term
    9     | . term "\\" term
   10     | . term "**" term
   11     | . "-" term
   12     | . "~" term
   13     | . "(" ")"
   14     | . "(" "," ")"
   15     | . "(" nterms ")"
   16     | . "(" nterms "," ")"
   17     | . "<IDENTIFIER>" "(" terms ")"
   18     | . "|" term "|"
   19     | . "<IDENTIFIER>"
   20     | . "<NUMBER>"
   21     | . "<STRING>"
   22     | . "#inf"
   23     | . "#sup"

    "~"             shift, and go to state 1
    "("             shift, and go to state 2
    "-"             shift, and go to state 3
    "|"             shift, and go to state 4
    "#sup"          shift, and go to state 5
    "#inf"          shift, and go to state 6
    "<NUMBER>"      shift, and go to state 7
    "<IDENTIFIER>"  shift, and go to state 8
    "<STRING>"      shift, and go to state 9

    term  go to state 44


State 30

   14 term: "(" "," ")" .

    $default  reduce using rule 14 (term)


State 31

    2 term: . term "^" term
    3     | . term "?" term
    4     | . term "&" term
    5     | . term "+" term
    6     | . term "-" term
    7     | . term "*" term
    8     | . term "/" term
    9     | . term "\\" term
   10     | . term "**" term
   11     | . "-" term
   12     | . "~" term
   13     | . "(" ")"
   14     | . "(" "," ")"
   15     | . "(" nterms ")"
   16     | . "(" nterms "," ")"
   16     | "(" nterms "," . ")"
   17     | . "<IDENTIFIER>" "(" terms ")"
   18     | . "|" term "|"
   19     | . "<IDENTIFIER>"
   20     | . "<NUMBER>"
   21     | . "<STRING>"
   22     | . "#inf"
   23     | . "#sup"
   25 nterms: nterms "," . term

    "~"             shift, and go to state 1
    "("             shift, and go to state 2
    ")"             shift, and go to state 45
    "-"             shift, and go to state 3
    "|"             shift, and go to state 4
    "#sup"          shift, and go to state 5
    "#inf"          shift, and go to state 6
    "<NUMBER>"      shift, and go to state 7
    "<IDENTIFIER>"  shift, and go to state 8
    "<STRING>"      shift, and go to state 9

    term  go to state 46


State 32

   15 term: "(" nterms ")" .

    $default  reduce using rule 15 (term)


State 33

   18 term: "|" term "|" .

    $default  reduce using rule 18 (term)


State 34

   25 nterms: nterms . "," term
   26 terms: nterms .  [")"]

    ","  shift, and go to state 47

    $default  reduce using rule 26 (terms)


State 35

   17 term: "<IDENTIFIER>" "(" terms . ")"

    ")"  shift, and go to state 48


State 36

    2 term: term . "^" term
    3     | term . "?" term
    4     | term . "&" term
    5     | term . "+" term
    5     | term "+" term .  ["<EOF>", "+", "&", ",", "?", ")", "-", "^", "|"]
    6     | term . "-" term
    7     | term . "*" term
    8     | term . "/" term
    9     | term . "\\" term
   10     | term . "**" term

    "\\"  shift, and go to state 23
    "*"   shift, and go to state 24
    "**"  shift, and go to state 25
    "/"   shift, and go to state 27

    $default  reduce using rule 5 (term)

    Conflict between rule 5 and token "+" resolved as reduce (%left "+").
    Conflict between rule 5 and token "&" resolved as reduce ("&" < ADD).
    Conflict between rule 5 and token "\\" resolved as shift (ADD < "\\").
    Conflict between rule 5 and token "*" resolved as shift (ADD < "*").
    Conflict between rule 5 and token "**" resolved as shift (ADD < "**").
    Conflict between rule 5 and token "?" resolved as reduce ("?" < ADD).
    Conflict between rule 5 and token "/" resolved as shift (ADD < "/").
    Conflict between rule 5 and token "-" resolved as reduce (%left "-").
    Conflict between rule 5 and token "^" resolved as reduce ("^" < ADD).


State 37

    2 term: term . "^" term
    3     | term . "?" term
    4     | term . "&" term
    4     | term "&" term .  ["<EOF>", "&", ",", "?", ")", "^", "|"]
    5     | term . "+" term
    6     | term . "-" term
    7     | term . "*" term
    8     | term . "/" term
    9     | term . "\\" term
   10     | term . "**" term

    "+"   shift, and go to state 21
    "\\"  shift, and go to state 23
    "*"   shift, and go to state 24
    "**"  shift, and go to state 25
    "/"   shift, and go to state 27
    "-"   shift, and go to state 28

    $default  reduce using rule 4 (term)

    Conflict between rule 4 and token "+" resolved as shift (AND < "+").
    Conflict between rule 4 and token "&" resolved as reduce (%left "&").
    Conflict between rule 4 and token "\\" resolved as shift (AND < "\\").
    Conflict between rule 4 and token "*" resolved as shift (AND < "*").
    Conflict between rule 4 and token "**" resolved as shift (AND < "**").
    Conflict between rule 4 and token "?" resolved as reduce ("?" < AND).
    Conflict between rule 4 and token "/" resolved as shift (AND < "/").
    Conflict between rule 4 and token "-" resolved as shift (AND < "-").
    Conflict between rule 4 and token "^" resolved as reduce ("^" < AND).


State 38

    2 term: term . "^" term
    3     | term . "?" term
    4     | term . "&" term
    5     | term . "+" term
    6     | term . "-" term
    7     | term . "*" term
    8     | term . "/" term
    9     | term . "\\" term
    9     | term "\\" term .  ["<EOF>", "+", "&", ",", "\\", "*", "?", ")", "/", "-", "^", "|"]
   10     | term . "**" term

    "**"  shift, and go to state 25

    $default  reduce using rule 9 (term)

    Conflict between rule 9 and token "+" resolved as reduce ("+" < MOD).
    Conflict between rule 9 and token "&" resolved as reduce ("&" < MOD).
    Conflict between rule 9 and token "\\" resolved as reduce (%left "\\").
    Conflict between rule 9 and token "*" resolved as reduce (%left "*").
    Conflict between rule 9 and token "**" resolved as shift (MOD < "**").
    Conflict between rule 9 and token "?" resolved as reduce ("?" < MOD).
    Conflict between rule 9 and token "/" resolved as reduce (%left "/").
    Conflict between rule 9 and token "-" resolved as reduce ("-" < MOD).
    Conflict between rule 9 and token "^" resolved as reduce ("^" < MOD).


State 39

    2 term: term . "^" term
    3     | term . "?" term
    4     | term . "&" term
    5     | term . "+" term
    6     | term . "-" term
    7     | term . "*" term
    7     | term "*" term .  ["<EOF>", "+", "&", ",", "\\", "*", "?", ")", "/", "-", "^", "|"]
    8     | term . "/" term
    9     | term . "\\" term
   10     | term . "**" term

    "**"  shift, and go to state 25

    $default  reduce using rule 7 (term)

    Conflict between rule 7 and token "+" resolved as reduce ("+" < MUL).
    Conflict between rule 7 and token "&" resolved as reduce ("&" < MUL).
    Conflict between rule 7 and token "\\" resolved as reduce (%left "\\").
    Conflict between rule 7 and token "*" resolved as reduce (%left "*").
    Conflict between rule 7 and token "**" resolved as shift (MUL < "**").
    Conflict between rule 7 and token "?" resolved as reduce ("?" < MUL).
    Conflict between rule 7 and token "/" resolved as reduce (%left "/").
    Conflict between rule 7 and token "-" resolved as reduce ("-" < MUL).
    Conflict between rule 7 and token "^" resolved as reduce ("^" < MUL).


State 40

    2 term: term . "^" term
    3     | term . "?" term
    4     | term . "&" term
    5     | term . "+" term
    6     | term . "-" term
    7     | term . "*" term
    8     | term . "/" term
    9     | term . "\\" term
   10     | term . "**" term
   10     | term "**" term .  ["<EOF>", "+", "&", ",", "\\", "*", "?", ")", "/", "-", "^", "|"]

    "**"  shift, and go to state 25

    $default  reduce using rule 10 (term)

    Conflict between rule 10 and token "+" resolved as reduce ("+" < POW).
    Conflict between rule 10 and token "&" resolved as reduce ("&" < POW).
    Conflict between rule 10 and token "\\" resolved as reduce ("\\" < POW).
    Conflict between rule 10 and token "*" resolved as reduce ("*" < POW).
    Conflict between rule 10 and token "**" resolved as shift (%right "**").
    Conflict between rule 10 and token "?" resolved as reduce ("?" < POW).
    Conflict between rule 10 and token "/" resolved as reduce ("/" < POW).
    Conflict between rule 10 and token "-" resolved as reduce ("-" < POW).
    Conflict between rule 10 and token "^" resolved as reduce ("^" < POW).


State 41

    2 term: term . "^" term
    3     | term . "?" term
    3     | term "?" term .  ["<EOF>", ",", "?", ")", "^", "|"]
    4     | term . "&" term
    5     | term . "+" term
    6     | term . "-" term
    7     | term . "*" term
    8     | term . "/" term
    9     | term . "\\" term
   10     | term . "**" term

    "+"   shift, and go to state 21
    "&"   shift, and go to state 22
    "\\"  shift, and go to state 23
    "*"   shift, and go to state 24
    "**"  shift, and go to state 25
    "/"   shift, and go to state 27
    "-"   shift, and go to state 28

    $default  reduce using rule 3 (term)

    Conflict between rule 3 and token "+" resolved as shift (QUESTION < "+").
    Conflict between rule 3 and token "&" resolved as shift (QUESTION < "&").
    Conflict between rule 3 and token "\\" resolved as shift (QUESTION < "\\").
    Conflict between rule 3 and token "*" resolved as shift (QUESTION < "*").
    Conflict between rule 3 and token "**" resolved as shift (QUESTION < "**").
    Conflict between rule 3 and token "?" resolved as reduce (%left "?").
    Conflict between rule 3 and token "/" resolved as shift (QUESTION < "/").
    Conflict between rule 3 and token "-" resolved as shift (QUESTION < "-").
    Conflict between rule 3 and token "^" resolved as reduce ("^" < QUESTION).


State 42

    2 term: term . "^" term
    3     | term . "?" term
    4     | term . "&" term
    5     | term . "+" term
    6     | term . "-" term
    7     | term . "*" term
    8     | term . "/" term
    8     | term "/" term .  ["<EOF>", "+", "&", ",", "\\", "*", "?", ")", "/", "-", "^", "|"]
    9     | term . "\\" term
   10     | term . "**" term

    "**"  shift, and go to state 25

    $default  reduce using rule 8 (term)

    Conflict between rule 8 and token "+" resolved as reduce ("+" < SLASH).
    Conflict between rule 8 and token "&" resolved as reduce ("&" < SLASH).
    Conflict between rule 8 and token "\\" resolved as reduce (%left "\\").
    Conflict between rule 8 and token "*" resolved as reduce (%left "*").
    Conflict between rule 8 and token "**" resolved as shift (SLASH < "**").
    Conflict between rule 8 and token "?" resolved as reduce ("?" < SLASH).
    Conflict between rule 8 and token "/" resolved as reduce (%left "/").
    Conflict between rule 8 and token "-" resolved as reduce ("-" < SLASH).
    Conflict between rule 8 and token "^" resolved as reduce ("^" < SLASH).


State 43

    2 term: term . "^" term
    3     | term . "?" term
    4     | term . "&" term
    5     | term . "+" term
    6     | term . "-" term
    6     | term "-" term .  ["<EOF>", "+", "&", ",", "?", ")", "-", "^", "|"]
    7     | term . "*" term
    8     | term . "/" term
    9     | term . "\\" term
   10     | term . "**" term

    "\\"  shift, and go to state 23
    "*"   shift, and go to state 24
    "**"  shift, and go to state 25
    "/"   shift, and go to state 27

    $default  reduce using rule 6 (term)

    Conflict between rule 6 and token "+" resolved as reduce (%left "+").
    Conflict between rule 6 and token "&" resolved as reduce ("&" < SUB).
    Conflict between rule 6 and token "\\" resolved as shift (SUB < "\\").
    Conflict between rule 6 and token "*" resolved as shift (SUB < "*").
    Conflict between rule 6 and token "**" resolved as shift (SUB < "**").
    Conflict between rule 6 and token "?" resolved as reduce ("?" < SUB).
    Conflict between rule 6 and token "/" resolved as shift (SUB < "/").
    Conflict between rule 6 and token "-" resolved as reduce (%left "-").
    Conflict between rule 6 and token "^" resolved as reduce ("^" < SUB).


State 44

    2 term: term . "^" term
    2     | term "^" term .  ["<EOF>", ",", ")", "^", "|"]
    3     | term . "?" term
    4     | term . "&" term
    5     | term . "+" term
    6     | term . "-" term
    7     | term . "*" term
    8     | term . "/" term
    9     | term . "\\" term
   10     | term . "**" term

    "+"   shift, and go to state 21
    "&"   shift, and go to state 22
    "\\"  shift, and go to state 23
    "*"   shift, and go to state 24
    "**"  shift, and go to state 25
    "?"   shift, and go to state 26
    "/"   shift, and go to state 27
    "-"   shift, and go to state 28

    $default  reduce using rule 2 (term)

    Conflict between rule 2 and token "+" resolved as shift (XOR < "+").
    Conflict between rule 2 and token "&" resolved as shift (XOR < "&").
    Conflict between rule 2 and token "\\" resolved as shift (XOR < "\\").
    Conflict between rule 2 and token "*" resolved as shift (XOR < "*").
    Conflict between rule 2 and token "**" resolved as shift (XOR < "**").
    Conflict between rule 2 and token "?" resolved as shift (XOR < "?").
    Conflict between rule 2 and token "/" resolved as shift (XOR < "/").
    Conflict between rule 2 and token "-" resolved as shift (XOR < "-").
    Conflict between rule 2 and token "^" resolved as reduce (%left "^").


State 45

   16 term: "(" nterms "," ")" .

    $default  reduce using rule 16 (term)


State 46

    2 term: term . "^" term
    3     | term . "?" term
    4     | term . "&" term
    5     | term . "+" term
    6     | term . "-" term
    7     | term . "*" term
    8     | term . "/" term
    9     | term . "\\" term
   10     | term . "**" term
   25 nterms: nterms "," term .  [",", ")"]

    "+"   shift, and go to state 21
    "&"   shift, and go to state 22
    "\\"  shift, and go to state 23
    "*"   shift, and go to state 24
    "**"  shift, and go to state 25
    "?"   shift, and go to state 26
    "/"   shift, and go to state 27
    "-"   shift, and go to state 28
    "^"   shift, and go to state 29

    $default  reduce using rule 25 (nterms)


State 47

    2 term: . term "^" term
    3     | . term "?" term
    4     | . term "&" term
    5     | . term "+" term
    6     | . term "-" term
    7     | . term "*" term
    8     | . term "/" term
    9     | . term "\\" term
   10     | . term "**" term
   11     | . "-" term
   12     | . "~" term
   13     | . "(" ")"
   14     | . "(" "," ")"
   15     | . "(" nterms ")"
   16     | . "(" nterms "," ")"
   17     | . "<IDENTIFIER>" "(" terms ")"
   18     | . "|" term "|"
   19     | . "<IDENTIFIER>"
   20     | . "<NUMBER>"
   21     | . "<STRING>"
   22     | . "#inf"
   23     | . "#sup"
   25 nterms: nterms "," . term

    "~"             shift, and go to state 1
    "("             shift, and go to state 2
    "-"             shift, and go to state 3
    "|"             shift, and go to state 4
    "#sup"          shift, and go to state 5
    "#inf"          shift, and go to state 6
    "<NUMBER>"      shift, and go to state 7
    "<IDENTIFIER>"  shift, and go to state 8
    "<STRING>"      shift, and go to state 9

    term  go to state 46


State 48

   17 term: "<IDENTIFIER>" "(" terms ")" .

    $default  reduce using rule 17 (term)
