Determining if the pthread_create exist failed with the following output:
Change Dir: /home/iensen/projects/clingo/CMakeFiles/CMakeTmp

Run Build Command:"/usr/bin/make" "cmTC_9e734/fast"
/usr/bin/make -f CMakeFiles/cmTC_9e734.dir/build.make CMakeFiles/cmTC_9e734.dir/build
make[1]: Entering directory '/home/iensen/projects/clingo/CMakeFiles/CMakeTmp'
Building C object CMakeFiles/cmTC_9e734.dir/CheckSymbolExists.c.o
/usr/bin/cc    -o CMakeFiles/cmTC_9e734.dir/CheckSymbolExists.c.o   -c /home/iensen/projects/clingo/CMakeFiles/CMakeTmp/CheckSymbolExists.c
Linking C executable cmTC_9e734
/usr/bin/cmake -E cmake_link_script CMakeFiles/cmTC_9e734.dir/link.txt --verbose=1
/usr/bin/cc      -rdynamic CMakeFiles/cmTC_9e734.dir/CheckSymbolExists.c.o  -o cmTC_9e734 
CMakeFiles/cmTC_9e734.dir/CheckSymbolExists.c.o: In function `main':
CheckSymbolExists.c:(.text+0x1b): undefined reference to `pthread_create'
collect2: error: ld returned 1 exit status
CMakeFiles/cmTC_9e734.dir/build.make:97: recipe for target 'cmTC_9e734' failed
make[1]: *** [cmTC_9e734] Error 1
make[1]: Leaving directory '/home/iensen/projects/clingo/CMakeFiles/CMakeTmp'
Makefile:126: recipe for target 'cmTC_9e734/fast' failed
make: *** [cmTC_9e734/fast] Error 2

File /home/iensen/projects/clingo/CMakeFiles/CMakeTmp/CheckSymbolExists.c:
/* */
#include <pthread.h>

int main(int argc, char** argv)
{
  (void)argv;
#ifndef pthread_create
  return ((int*)(&pthread_create))[argc];
#else
  (void)argc;
  return 0;
#endif
}

Determining if the function pthread_create exists in the pthreads failed with the following output:
Change Dir: /home/iensen/projects/clingo/CMakeFiles/CMakeTmp

Run Build Command:"/usr/bin/make" "cmTC_b6b3f/fast"
/usr/bin/make -f CMakeFiles/cmTC_b6b3f.dir/build.make CMakeFiles/cmTC_b6b3f.dir/build
make[1]: Entering directory '/home/iensen/projects/clingo/CMakeFiles/CMakeTmp'
Building C object CMakeFiles/cmTC_b6b3f.dir/CheckFunctionExists.c.o
/usr/bin/cc   -DCHECK_FUNCTION_EXISTS=pthread_create   -o CMakeFiles/cmTC_b6b3f.dir/CheckFunctionExists.c.o   -c /usr/share/cmake-3.10/Modules/CheckFunctionExists.c
Linking C executable cmTC_b6b3f
/usr/bin/cmake -E cmake_link_script CMakeFiles/cmTC_b6b3f.dir/link.txt --verbose=1
/usr/bin/cc  -DCHECK_FUNCTION_EXISTS=pthread_create    -rdynamic CMakeFiles/cmTC_b6b3f.dir/CheckFunctionExists.c.o  -o cmTC_b6b3f -lpthreads 
/usr/bin/ld: cannot find -lpthreads
collect2: error: ld returned 1 exit status
CMakeFiles/cmTC_b6b3f.dir/build.make:97: recipe for target 'cmTC_b6b3f' failed
make[1]: *** [cmTC_b6b3f] Error 1
make[1]: Leaving directory '/home/iensen/projects/clingo/CMakeFiles/CMakeTmp'
Makefile:126: recipe for target 'cmTC_b6b3f/fast' failed
make: *** [cmTC_b6b3f/fast] Error 2


